<?xml version="1.0" encoding="UTF-8"?>
<testsuites name="jest tests" tests="9" failures="0" errors="0" time="4.827">
  <testsuite name="Endpoints de Refeição (unitários)" errors="0" failures="0" skipped="0" timestamp="2025-08-21T14:56:04" time="1.838" tests="1">
    <testcase classname="Endpoints de Refeição (unitários) deve criar uma refeição" name="Endpoints de Refeição (unitários) deve criar uma refeição" time="0.008">
    </testcase>
  </testsuite>
  <testsuite name="Endpoints de Usuário (unitários)" errors="0" failures="0" skipped="0" timestamp="2025-08-21T14:56:05" time="0.755" tests="2">
    <testcase classname="Endpoints de Usuário (unitários) deve registrar um usuário" name="Endpoints de Usuário (unitários) deve registrar um usuário" time="0.166">
    </testcase>
    <testcase classname="Endpoints de Usuário (unitários) deve autenticar um usuário" name="Endpoints de Usuário (unitários) deve autenticar um usuário" time="0.2">
    </testcase>
  </testsuite>
  <testsuite name="Endpoints de Alimentos (unitários)" errors="0" failures="0" skipped="0" timestamp="2025-08-21T14:56:06" time="0.508" tests="1">
    <testcase classname="Endpoints de Alimentos (unitários) deve criar um alimento" name="Endpoints de Alimentos (unitários) deve criar um alimento" time="0.006">
    </testcase>
  </testsuite>
  <testsuite name="Validação estrita rejeita campos extras" errors="0" failures="0" skipped="0" timestamp="2025-08-21T14:56:07" time="0.884" tests="3">
    <testcase classname="Validação estrita rejeita campos extras POST /users/register rejeita campos extras" name="Validação estrita rejeita campos extras POST /users/register rejeita campos extras" time="0.009">
    </testcase>
    <testcase classname="Validação estrita rejeita campos extras POST /foods rejeita campos extras" name="Validação estrita rejeita campos extras POST /foods rejeita campos extras" time="0.377">
    </testcase>
    <testcase classname="Validação estrita rejeita campos extras POST /meals rejeita campos extras" name="Validação estrita rejeita campos extras POST /meals rejeita campos extras" time="0.18">
    </testcase>
  </testsuite>
  <testsuite name="Validação estrita em atualizações (PUT) rejeita campos extras" errors="0" failures="0" skipped="0" timestamp="2025-08-21T14:56:08" time="0.757" tests="2">
    <testcase classname="Validação estrita em atualizações (PUT) rejeita campos extras PUT /foods/:id rejeita campos extras" name="Validação estrita em atualizações (PUT) rejeita campos extras PUT /foods/:id rejeita campos extras" time="0.207">
    </testcase>
    <testcase classname="Validação estrita em atualizações (PUT) rejeita campos extras PUT /meals/:id rejeita campos extras" name="Validação estrita em atualizações (PUT) rejeita campos extras PUT /meals/:id rejeita campos extras" time="0.189">
    </testcase>
  </testsuite>
</testsuites>